[36mvite v5.4.21 [32mbuilding for production...[36m[39m
transforming...
[32m✓[39m 1775 modules transformed.
rendering chunks...
computing gzip size...
[2mdist/[22m[32mindex.html                            [39m[1m[2m  0.84 kB[22m[1m[22m[2m │ gzip:  0.45 kB[22m
[2mdist/[22m[32massets/careopt-_xmU3zBM.png           [39m[1m[2m  7.54 kB[22m[1m[22m
[2mdist/[22m[32massets/anomaly-B0-Xz1dw.png           [39m[1m[2m  8.70 kB[22m[1m[22m
[2mdist/[22m[32massets/ibm-Ba3VDmix.jpg               [39m[1m[2m 12.16 kB[22m[1m[22m
[2mdist/[22m[32massets/AWS-CqWYlZXW.webp              [39m[1m[2m 14.74 kB[22m[1m[22m
[2mdist/[22m[32massets/profile-FqEnIufk.jpeg          [39m[1m[2m 59.85 kB[22m[1m[22m
[2mdist/[22m[32massets/google cloud-CK6Rf7uU.png      [39m[1m[2m 69.07 kB[22m[1m[22m
[2mdist/[22m[32massets/mentoring3.png-C2gZpDJY.jpeg   [39m[1m[2m 91.60 kB[22m[1m[22m
[2mdist/[22m[32massets/mentoring4.png-sYOxJAK2.jpeg   [39m[1m[2m125.19 kB[22m[1m[22m
[2mdist/[22m[32massets/mentoring-2.png-AqTHi-4-.jpeg  [39m[1m[2m161.10 kB[22m[1m[22m
[2mdist/[22m[32massets/Mentoring1.png-P-ugcIT5.jpeg   [39m[1m[2m232.02 kB[22m[1m[22m
[2mdist/[22m[32massets/smartbridge logo-B1GsRe-h.png  [39m[1m[2m262.57 kB[22m[1m[22m
[2mdist/[22m[35massets/index-Ce73KBJw.css             [39m[1m[2m 37.45 kB[22m[1m[22m[2m │ gzip:  6.50 kB[22m
[2mdist/[22m[36massets/index-DYWPs5Cc.js              [39m[1m[2m206.29 kB[22m[1m[22m[2m │ gzip: 69.04 kB[22m
[32m✓ built in 3.95s[39m
